This is pdfTeX, Version 3.14159265-2.6-1.40.17 (TeX Live 2016) (preloaded format=pdflatex 2017.5.26)  8 MAR 2018 16:28
entering extended mode
 restricted \write18 enabled.
 file:line:error style messages enabled.
 %&-line parsing enabled.
**moderncvcolorblue.sty
(./moderncvcolorblue.sty
LaTeX2e <2016/03/31>
Babel <3.9r> and hyphenation patterns for 83 language(s) loaded.

LaTeX Warning: You have requested package `',
               but the package provides `moderncvcolorblue'.

Package: moderncvcolorblue 2015/07/28 v2.0.0 modern curriculum vitae and letter
 color scheme: blue
./moderncvcolorblue.sty:19: Undefined control sequence.
l.19 \definecolor
                 {color0}{rgb}{0,0,0}% black
? 
./moderncvcolorblue.sty:19: Emergency stop.
l.19 \definecolor
                 {color0}{rgb}{0,0,0}% black
End of file on the terminal!

 
Here is how much of TeX's memory you used:
 7 strings out of 493014
 176 string characters out of 6133351
 53601 words of memory out of 5000000
 3649 multiletter control sequences out of 15000+600000
 3640 words of font info for 14 fonts, out of 8000000 for 9000
 1141 hyphenation exceptions out of 8191
 7i,0n,4p,138b,10s stack positions out of 5000i,500n,10000p,200000b,80000s
./moderncvcolorblue.sty:19:  ==> Fatal error occurred, no output PDF file produ
ced!
